<?xml version="1.0" encoding="UTF-8"?>
<testng-results ignored="0" total="1" passed="1" failed="0" skipped="0">
  <reporter-output>
  </reporter-output>
  <suite started-at="2025-08-12T00:55:18 IST" name="Default suite" finished-at="2025-08-12T00:56:03 IST" duration-ms="45602">
    <groups>
    </groups>
    <test started-at="2025-08-12T00:55:18 IST" name="Default test" finished-at="2025-08-12T00:56:03 IST" duration-ms="45602">
      <class name="amazon.com.searchProductintoCart.SearchProductIntoCart">
        <test-method is-config="true" signature="beforeSuit()[pri:0, instance:amazon.com.searchProductintoCart.SearchProductIntoCart@b3ca52e]" started-at="2025-08-12T00:55:18 IST" name="beforeSuit" finished-at="2025-08-12T00:55:18 IST" duration-ms="14" status="PASS">
          <reporter-output>
          </reporter-output>
        </test-method> <!-- beforeSuit -->
        <test-method is-config="true" signature="launchBrowser()[pri:0, instance:amazon.com.searchProductintoCart.SearchProductIntoCart@b3ca52e]" started-at="2025-08-12T00:55:18 IST" name="launchBrowser" finished-at="2025-08-12T00:55:24 IST" duration-ms="6001" status="PASS">
          <reporter-output>
          </reporter-output>
        </test-method> <!-- launchBrowser -->
        <test-method signature="searchproductwithcart()[pri:0, instance:amazon.com.searchProductintoCart.SearchProductIntoCart@b3ca52e]" started-at="2025-08-12T00:55:24 IST" name="searchproductwithcart" finished-at="2025-08-12T00:55:58 IST" duration-ms="33858" status="PASS">
          <reporter-output>
          </reporter-output>
        </test-method> <!-- searchproductwithcart -->
        <test-method is-config="true" signature="closeBrowser()[pri:0, instance:amazon.com.searchProductintoCart.SearchProductIntoCart@b3ca52e]" started-at="2025-08-12T00:55:58 IST" name="closeBrowser" finished-at="2025-08-12T00:56:03 IST" duration-ms="5688" status="PASS">
          <reporter-output>
          </reporter-output>
        </test-method> <!-- closeBrowser -->
      </class> <!-- amazon.com.searchProductintoCart.SearchProductIntoCart -->
    </test> <!-- Default test -->
  </suite> <!-- Default suite -->
</testng-results>
